<?xml version="1.0" encoding="UTF-8"?>
<endpoint name="RegResourceExampleEP" xmlns="http://ws.apache.org/ns/synapse">
    <address uri="http://localhost:9000/services/SimpleStockQuoteService">
        <suspendOnFailure>
            <initialDuration>-1</initialDuration>
            <progressionFactor>1</progressionFactor>
        </suspendOnFailure>
        <markForSuspension>
            <retriesBeforeSuspension>5</retriesBeforeSuspension>
        </markForSuspension>
    </address>
</endpoint>